<?xml version="1.0" encoding="UTF-8"?>
<!-- Generated by org.testng.reporters.JUnitReportReporter -->
<testsuite hostname="NTTDHK-WLP-022" name="testCases.TestSourceDestination" tests="2" failures="0" timestamp="10 Jun 2021 04:54:46 GMT" time="1.647" errors="0">
  <testcase name="verifyFindFlights" time="1.197" classname="testCases.TestSourceDestination"/>
  <testcase name="verifySourceCityNotInDestination" time="0.450" classname="testCases.TestSourceDestination"/>
</testsuite> <!-- testCases.TestSourceDestination -->
