<?xml version="1.0" encoding="UTF-8"?>
<!-- Generated by org.testng.reporters.JUnitReportReporter -->
<testsuite hostname="NTTDHK-WLP-022" name="testCases.TestFlightBooking" tests="1" failures="0" timestamp="10 Jun 2021 04:54:46 GMT" time="4.984" errors="0">
  <testcase name="verifyFLightBookingFlow" time="4.984" classname="testCases.TestFlightBooking"/>
</testsuite> <!-- testCases.TestFlightBooking -->
